<?xml version="1.0" encoding="UTF-8"?>
<testsuite xmlns:xsi="http://www.w3.org/2001/XMLSchema-instance" xsi:noNamespaceSchemaLocation="https://maven.apache.org/surefire/maven-surefire-plugin/xsd/surefire-test-report.xsd" name="com.jamais404.com.jamais404.Jamais404ApplicationTests" time="1.005" tests="1" errors="1" skipped="0" failures="0">
  <properties>
[...]
</properties>
  <testcase name="contextLoads" classname="com.jamais404.com.jamais404.Jamais404ApplicationTests" time="0.024">
    <error message="Unresolved compilation problem: &#10;	The declared package &quot;com.jamais404&quot; does not match the expected package &quot;com.jamais404.com.jamais404&quot;&#10;" type="java.lang.Error"><![CDATA[java.lang.Error: 
Unresolved compilation problem: 
	The declared package "com.jamais404" does not match the expected package "com.jamais404.com.jamais404"

	at com.jamais404.com.jamais404.Jamais404ApplicationTests.<init>(Jamais404ApplicationTests.java:1)
]]></error>
    <system-out><![CDATA[19:51:14.943 [main] DEBUG org.springframework.test.context.BootstrapUtils - Instantiating CacheAwareContextLoaderDelegate from class [org.springframework.test.context.cache.DefaultCacheAwareContextLoaderDelegate]
19:51:14.964 [main] DEBUG org.springframework.test.context.BootstrapUtils - Instantiating BootstrapContext using constructor [public org.springframework.test.context.support.DefaultBootstrapContext(java.lang.Class,org.springframework.test.context.CacheAwareContextLoaderDelegate)]
19:51:15.027 [main] DEBUG org.springframework.test.context.BootstrapUtils - Instantiating TestContextBootstrapper for test class [com.jamais404.com.jamais404.Jamais404ApplicationTests] from class [org.springframework.boot.test.context.SpringBootTestContextBootstrapper]
19:51:15.086 [main] INFO org.springframework.boot.test.context.SpringBootTestContextBootstrapper - Neither @ContextConfiguration nor @ContextHierarchy found for test class [com.jamais404.com.jamais404.Jamais404ApplicationTests], using SpringBootContextLoader
19:51:15.094 [main] DEBUG org.springframework.test.context.support.AbstractContextLoader - Did not detect default resource location for test class [com.jamais404.com.jamais404.Jamais404ApplicationTests]: class path resource [com/jamais404/com/jamais404/Jamais404ApplicationTests-context.xml] does not exist
19:51:15.102 [main] DEBUG org.springframework.test.context.support.AbstractContextLoader - Did not detect default resource location for test class [com.jamais404.com.jamais404.Jamais404ApplicationTests]: class path resource [com/jamais404/com/jamais404/Jamais404ApplicationTestsContext.groovy] does not exist
19:51:15.108 [main] INFO org.springframework.test.context.support.AbstractContextLoader - Could not detect default resource locations for test class [com.jamais404.com.jamais404.Jamais404ApplicationTests]: no resource found for suffixes {-context.xml, Context.groovy}.
19:51:15.119 [main] INFO org.springframework.test.context.support.AnnotationConfigContextLoaderUtils - Could not detect default configuration classes for test class [com.jamais404.com.jamais404.Jamais404ApplicationTests]: Jamais404ApplicationTests does not declare any static, non-private, non-final, nested classes annotated with @Configuration.
19:51:15.310 [main] DEBUG org.springframework.test.context.support.ActiveProfilesUtils - Could not find an 'annotation declaring class' for annotation type [org.springframework.test.context.ActiveProfiles] and class [com.jamais404.com.jamais404.Jamais404ApplicationTests]
19:51:15.470 [main] DEBUG org.springframework.context.annotation.ClassPathScanningCandidateComponentProvider - Identified candidate component class: file [/Users/qtipee/Documents/HES/Bachelor_3/JEE/jamais404/jamais404/target/classes/com/jamais404/Jamais404Application.class]
19:51:15.473 [main] INFO org.springframework.boot.test.context.SpringBootTestContextBootstrapper - Found @SpringBootConfiguration com.jamais404.Jamais404Application for test class com.jamais404.com.jamais404.Jamais404ApplicationTests
19:51:15.623 [main] DEBUG org.springframework.boot.test.context.SpringBootTestContextBootstrapper - @TestExecutionListeners is not present for class [com.jamais404.com.jamais404.Jamais404ApplicationTests]: using defaults.
19:51:15.625 [main] INFO org.springframework.boot.test.context.SpringBootTestContextBootstrapper - Loaded default TestExecutionListener class names from location [META-INF/spring.factories]: [org.springframework.security.test.context.support.WithSecurityContextTestExecutionListener, org.springframework.security.test.context.support.ReactorContextTestExecutionListener, org.springframework.test.context.web.ServletTestExecutionListener, org.springframework.test.context.support.DirtiesContextBeforeModesTestExecutionListener, org.springframework.test.context.support.DependencyInjectionTestExecutionListener, org.springframework.test.context.support.DirtiesContextTestExecutionListener, org.springframework.test.context.transaction.TransactionalTestExecutionListener, org.springframework.test.context.jdbc.SqlScriptsTestExecutionListener, org.springframework.test.context.event.EventPublishingTestExecutionListener, org.springframework.boot.test.mock.mockito.MockitoTestExecutionListener, org.springframework.boot.test.mock.mockito.ResetMocksTestExecutionListener, org.springframework.boot.test.autoconfigure.restdocs.RestDocsTestExecutionListener, org.springframework.boot.test.autoconfigure.web.client.MockRestServiceServerResetTestExecutionListener, org.springframework.boot.test.autoconfigure.web.servlet.MockMvcPrintOnlyOnFailureTestExecutionListener, org.springframework.boot.test.autoconfigure.web.servlet.WebDriverTestExecutionListener]
19:51:15.679 [main] INFO org.springframework.boot.test.context.SpringBootTestContextBootstrapper - Using TestExecutionListeners: [org.springframework.test.context.web.ServletTestExecutionListener@4409e975, org.springframework.test.context.support.DirtiesContextBeforeModesTestExecutionListener@5c153b9e, org.springframework.boot.test.mock.mockito.MockitoTestExecutionListener@2a7686a7, org.springframework.boot.test.autoconfigure.SpringBootDependencyInjectionTestExecutionListener@758a34ce, org.springframework.test.context.support.DirtiesContextTestExecutionListener@7ec3394b, org.springframework.test.context.transaction.TransactionalTestExecutionListener@bff34c6, org.springframework.test.context.jdbc.SqlScriptsTestExecutionListener@1522d8a0, org.springframework.security.test.context.support.WithSecurityContextTestExecutionListener@312ab28e, org.springframework.test.context.event.EventPublishingTestExecutionListener@5644dc81, org.springframework.security.test.context.support.ReactorContextTestExecutionListener@246f8b8b, org.springframework.boot.test.mock.mockito.ResetMocksTestExecutionListener@278bb07e, org.springframework.boot.test.autoconfigure.restdocs.RestDocsTestExecutionListener@4351c8c3, org.springframework.boot.test.autoconfigure.web.client.MockRestServiceServerResetTestExecutionListener@3381b4fc, org.springframework.boot.test.autoconfigure.web.servlet.MockMvcPrintOnlyOnFailureTestExecutionListener@6bea52d4, org.springframework.boot.test.autoconfigure.web.servlet.WebDriverTestExecutionListener@11981797]
19:51:15.700 [main] DEBUG org.springframework.test.context.support.AbstractDirtiesContextTestExecutionListener - Before test class: context [DefaultTestContext@c1bd0be testClass = Jamais404ApplicationTests, testInstance = [null], testMethod = [null], testException = [null], mergedContextConfiguration = [WebMergedContextConfiguration@476b0ae6 testClass = Jamais404ApplicationTests, locations = '{}', classes = '{class com.jamais404.Jamais404Application}', contextInitializerClasses = '[]', activeProfiles = '{}', propertySourceLocations = '{}', propertySourceProperties = '{org.springframework.boot.test.context.SpringBootTestContextBootstrapper=true}', contextCustomizers = set[org.springframework.boot.test.context.filter.ExcludeFilterContextCustomizer@12299890, org.springframework.boot.test.json.DuplicateJsonObjectContextCustomizerFactory$DuplicateJsonObjectContextCustomizer@420a85c4, org.springframework.boot.test.mock.mockito.MockitoContextCustomizer@0, org.springframework.boot.test.web.client.TestRestTemplateContextCustomizer@5a37d3ed, org.springframework.boot.test.autoconfigure.properties.PropertyMappingContextCustomizer@0, org.springframework.boot.test.autoconfigure.web.servlet.WebDriverContextCustomizerFactory$Customizer@68034211], resourceBasePath = 'src/main/webapp', contextLoader = 'org.springframework.boot.test.context.SpringBootContextLoader', parent = [null]], attributes = map['org.springframework.test.context.web.ServletTestExecutionListener.activateListener' -> true]], class annotated with @DirtiesContext [false] with mode [null].
]]></system-out>
  </testcase>
</testsuite>